# JRE version: OpenJDK Runtime Environment Temurin-21.0.10+7 (21.0.10+7) (build 21.0.10+7-LTS)
# Java VM: OpenJDK 64-Bit Server VM Temurin-21.0.10+7 (21.0.10+7-LTS, mixed mode, sharing, tiered, compressed oops, compressed class ptrs, parallel gc, windows-amd64)
GC Precious Log:
 CardTable entry size: 512
 CPUs: 8 total, 8 available
 Memory: 7887M
 Large Page Support: Disabled
 NUMA Support: Disabled
 Compressed Oops: Enabled (32-bit)
 Alignments: Space 512K, Generation 512K, Heap 2M
 Heap Min Capacity: 100M
 Heap Initial Capacity: 100M
 Heap Max Capacity: 2G
 Pre-touch: Disabled
 Parallel Workers: 8
Heap:
 PSYoungGen      total 19456K, used 8054K [0x00000000d5580000, 0x00000000d6b80000, 0x0000000100000000)
  eden space 17408K, 34% used [0x00000000d5580000,0x00000000d5b63aa0,0x00000000d6680000)
  from space 2048K, 98% used [0x00000000d6780000,0x00000000d697a000,0x00000000d6980000)
  to   space 2048K, 0% used [0x00000000d6980000,0x00000000d6980000,0x00000000d6b80000)
 ParOldGen       total 68608K, used 40055K [0x0000000080000000, 0x0000000084300000, 0x00000000d5580000)
  object space 68608K, 58% used [0x0000000080000000,0x000000008271dc28,0x0000000084300000)
 Metaspace       used 49250K, committed 50496K, reserved 1114112K
  class space    used 5326K, committed 5888K, reserved 1048576K
GC Heap History (20 events):
Event: 13.411 GC heap before
{Heap before GC invocations=20 (full 2):
 PSYoungGen      total 23040K, used 23039K [0x00000000d5580000, 0x00000000d7000000, 0x0000000100000000)
  eden space 22016K, 99% used [0x00000000d5580000,0x00000000d6afffe8,0x00000000d6b00000)
  from space 1024K, 100% used [0x00000000d6d00000,0x00000000d6e00000,0x00000000d6e00000)
  to   space 2048K, 0% used [0x00000000d6e00000,0x00000000d6e00000,0x00000000d7000000)
 ParOldGen       total 68608K, used 21951K [0x0000000080000000, 0x0000000084300000, 0x00000000d5580000)
  object space 68608K, 31% used [0x0000000080000000,0x000000008156fc28,0x0000000084300000)
 Metaspace       used 44916K, committed 46144K, reserved 1114112K
  class space    used 4889K, committed 5376K, reserved 1048576K
}
Event: 13.416 GC heap after
{Heap after GC invocations=20 (full 2):
 PSYoungGen      total 20992K, used 2018K [0x00000000d5580000, 0x00000000d7700000, 0x0000000100000000)
  eden space 18944K, 0% used [0x00000000d5580000,0x00000000d5580000,0x00000000d6800000)
  from space 2048K, 98% used [0x00000000d6e00000,0x00000000d6ff8850,0x00000000d7000000)
  to   space 6144K, 0% used [0x00000000d6800000,0x00000000d6800000,0x00000000d6e00000)
 ParOldGen       total 68608K, used 25167K [0x0000000080000000, 0x0000000084300000, 0x00000000d5580000)
  object space 68608K, 36% used [0x0000000080000000,0x0000000081893c28,0x0000000084300000)
 Metaspace       used 44916K, committed 46144K, reserved 1114112K
  class space    used 4889K, committed 5376K, reserved 1048576K
}
Event: 14.171 GC heap before
{Heap before GC invocations=21 (full 2):
 PSYoungGen      total 20992K, used 20961K [0x00000000d5580000, 0x00000000d7700000, 0x0000000100000000)
  eden space 18944K, 99% used [0x00000000d5580000,0x00000000d67ffc20,0x00000000d6800000)
  from space 2048K, 98% used [0x00000000d6e00000,0x00000000d6ff8850,0x00000000d7000000)
  to   space 6144K, 0% used [0x00000000d6800000,0x00000000d6800000,0x00000000d6e00000)
 ParOldGen       total 68608K, used 25167K [0x0000000080000000, 0x0000000084300000, 0x00000000d5580000)
  object space 68608K, 36% used [0x0000000080000000,0x0000000081893c28,0x0000000084300000)
 Metaspace       used 46241K, committed 47424K, reserved 1114112K
  class space    used 5034K, committed 5568K, reserved 1048576K
}
Event: 14.175 GC heap after
{Heap after GC invocations=21 (full 2):
 PSYoungGen      total 19968K, used 688K [0x00000000d5580000, 0x00000000d6e80000, 0x0000000100000000)
  eden space 18944K, 0% used [0x00000000d5580000,0x00000000d5580000,0x00000000d6800000)
  from space 1024K, 67% used [0x00000000d6800000,0x00000000d68ac010,0x00000000d6900000)
  to   space 2560K, 0% used [0x00000000d6c00000,0x00000000d6c00000,0x00000000d6e80000)
 ParOldGen       total 68608K, used 26087K [0x0000000080000000, 0x0000000084300000, 0x00000000d5580000)
  object space 68608K, 38% used [0x0000000080000000,0x0000000081979cf0,0x0000000084300000)
 Metaspace       used 46241K, committed 47424K, reserved 1114112K
  class space    used 5034K, committed 5568K, reserved 1048576K
}
Event: 15.339 GC heap before
{Heap before GC invocations=22 (full 2):
 PSYoungGen      total 19968K, used 19632K [0x00000000d5580000, 0x00000000d6e80000, 0x0000000100000000)
  eden space 18944K, 100% used [0x00000000d5580000,0x00000000d6800000,0x00000000d6800000)
  from space 1024K, 67% used [0x00000000d6800000,0x00000000d68ac010,0x00000000d6900000)
  to   space 2560K, 0% used [0x00000000d6c00000,0x00000000d6c00000,0x00000000d6e80000)
 ParOldGen       total 68608K, used 26087K [0x0000000080000000, 0x0000000084300000, 0x00000000d5580000)
  object space 68608K, 38% used [0x0000000080000000,0x0000000081979cf0,0x0000000084300000)
 Metaspace       used 46827K, committed 48000K, reserved 1114112K
  class space    used 5087K, committed 5568K, reserved 1048576K
}
Event: 15.342 GC heap after
{Heap after GC invocations=22 (full 2):
 PSYoungGen      total 19968K, used 624K [0x00000000d5580000, 0x00000000d6d00000, 0x0000000100000000)
  eden space 18944K, 0% used [0x00000000d5580000,0x00000000d5580000,0x00000000d6800000)
  from space 1024K, 60% used [0x00000000d6c00000,0x00000000d6c9c010,0x00000000d6d00000)
  to   space 1024K, 0% used [0x00000000d6800000,0x00000000d6800000,0x00000000d6900000)
 ParOldGen       total 68608K, used 26649K [0x0000000080000000, 0x0000000084300000, 0x00000000d5580000)
  object space 68608K, 38% used [0x0000000080000000,0x0000000081a066d8,0x0000000084300000)
 Metaspace       used 46827K, committed 48000K, reserved 1114112K
  class space    used 5087K, committed 5568K, reserved 1048576K
}
Event: 15.774 GC heap before
{Heap before GC invocations=23 (full 2):
 PSYoungGen      total 19968K, used 19568K [0x00000000d5580000, 0x00000000d6d00000, 0x0000000100000000)
  eden space 18944K, 100% used [0x00000000d5580000,0x00000000d6800000,0x00000000d6800000)
  from space 1024K, 60% used [0x00000000d6c00000,0x00000000d6c9c010,0x00000000d6d00000)
  to   space 1024K, 0% used [0x00000000d6800000,0x00000000d6800000,0x00000000d6900000)
 ParOldGen       total 68608K, used 26649K [0x0000000080000000, 0x0000000084300000, 0x00000000d5580000)
  object space 68608K, 38% used [0x0000000080000000,0x0000000081a066d8,0x0000000084300000)
 Metaspace       used 47107K, committed 48320K, reserved 1114112K
  class space    used 5102K, committed 5632K, reserved 1048576K
}
Event: 15.780 GC heap after
{Heap after GC invocations=23 (full 2):
 PSYoungGen      total 19968K, used 992K [0x00000000d5580000, 0x00000000d6e00000, 0x0000000100000000)
  eden space 18944K, 0% used [0x00000000d5580000,0x00000000d5580000,0x00000000d6800000)
  from space 1024K, 96% used [0x00000000d6800000,0x00000000d68f8030,0x00000000d6900000)
  to   space 3072K, 0% used [0x00000000d6b00000,0x00000000d6b00000,0x00000000d6e00000)
 ParOldGen       total 68608K, used 28079K [0x0000000080000000, 0x0000000084300000, 0x00000000d5580000)
  object space 68608K, 40% used [0x0000000080000000,0x0000000081b6bd10,0x0000000084300000)
 Metaspace       used 47107K, committed 48320K, reserved 1114112K
  class space    used 5102K, committed 5632K, reserved 1048576K
}
Event: 16.032 GC heap before
{Heap before GC invocations=24 (full 2):
 PSYoungGen      total 19968K, used 19936K [0x00000000d5580000, 0x00000000d6e00000, 0x0000000100000000)
  eden space 18944K, 100% used [0x00000000d5580000,0x00000000d6800000,0x00000000d6800000)
  from space 1024K, 96% used [0x00000000d6800000,0x00000000d68f8030,0x00000000d6900000)
  to   space 3072K, 0% used [0x00000000d6b00000,0x00000000d6b00000,0x00000000d6e00000)
 ParOldGen       total 68608K, used 28079K [0x0000000080000000, 0x0000000084300000, 0x00000000d5580000)
  object space 68608K, 40% used [0x0000000080000000,0x0000000081b6bd10,0x0000000084300000)
 Metaspace       used 47521K, committed 48704K, reserved 1114112K
  class space    used 5164K, committed 5696K, reserved 1048576K
}
Event: 16.038 GC heap after
{Heap after GC invocations=24 (full 2):
 PSYoungGen      total 21504K, used 2225K [0x00000000d5580000, 0x00000000d6d80000, 0x0000000100000000)
  eden space 18944K, 0% used [0x00000000d5580000,0x00000000d5580000,0x00000000d6800000)
  from space 2560K, 86% used [0x00000000d6b00000,0x00000000d6d2c410,0x00000000d6d80000)
  to   space 2560K, 0% used [0x00000000d6880000,0x00000000d6880000,0x00000000d6b00000)
 ParOldGen       total 68608K, used 29071K [0x0000000080000000, 0x0000000084300000, 0x00000000d5580000)
  object space 68608K, 42% used [0x0000000080000000,0x0000000081c63d50,0x0000000084300000)
 Metaspace       used 47521K, committed 48704K, reserved 1114112K
  class space    used 5164K, committed 5696K, reserved 1048576K
}
Event: 16.145 GC heap before
{Heap before GC invocations=25 (full 2):
 PSYoungGen      total 21504K, used 21169K [0x00000000d5580000, 0x00000000d6d80000, 0x0000000100000000)
  eden space 18944K, 100% used [0x00000000d5580000,0x00000000d6800000,0x00000000d6800000)
  from space 2560K, 86% used [0x00000000d6b00000,0x00000000d6d2c410,0x00000000d6d80000)
  to   space 2560K, 0% used [0x00000000d6880000,0x00000000d6880000,0x00000000d6b00000)
 ParOldGen       total 68608K, used 29071K [0x0000000080000000, 0x0000000084300000, 0x00000000d5580000)
  object space 68608K, 42% used [0x0000000080000000,0x0000000081c63d50,0x0000000084300000)
 Metaspace       used 47526K, committed 48704K, reserved 1114112K
  class space    used 5164K, committed 5696K, reserved 1048576K
}
Event: 16.152 GC heap after
{Heap after GC invocations=25 (full 2):
 PSYoungGen      total 21504K, used 2370K [0x00000000d5580000, 0x00000000d6d00000, 0x0000000100000000)
  eden space 18944K, 0% used [0x00000000d5580000,0x00000000d5580000,0x00000000d6800000)
  from space 2560K, 92% used [0x00000000d6880000,0x00000000d6ad0810,0x00000000d6b00000)
  to   space 2048K, 0% used [0x00000000d6b00000,0x00000000d6b00000,0x00000000d6d00000)
 ParOldGen       total 68608K, used 31066K [0x0000000080000000, 0x0000000084300000, 0x00000000d5580000)
  object space 68608K, 45% used [0x0000000080000000,0x0000000081e56a30,0x0000000084300000)
 Metaspace       used 47526K, committed 48704K, reserved 1114112K
  class space    used 5164K, committed 5696K, reserved 1048576K
}
Event: 16.360 GC heap before
{Heap before GC invocations=26 (full 2):
 PSYoungGen      total 21504K, used 21314K [0x00000000d5580000, 0x00000000d6d00000, 0x0000000100000000)
  eden space 18944K, 100% used [0x00000000d5580000,0x00000000d6800000,0x00000000d6800000)
  from space 2560K, 92% used [0x00000000d6880000,0x00000000d6ad0810,0x00000000d6b00000)
  to   space 2048K, 0% used [0x00000000d6b00000,0x00000000d6b00000,0x00000000d6d00000)
 ParOldGen       total 68608K, used 31066K [0x0000000080000000, 0x0000000084300000, 0x00000000d5580000)
  object space 68608K, 45% used [0x0000000080000000,0x0000000081e56a30,0x0000000084300000)
 Metaspace       used 47540K, committed 48832K, reserved 1114112K
  class space    used 5164K, committed 5696K, reserved 1048576K
}
Event: 16.367 GC heap after
{Heap after GC invocations=26 (full 2):
 PSYoungGen      total 19456K, used 2020K [0x00000000d5580000, 0x00000000d7100000, 0x0000000100000000)
  eden space 17408K, 0% used [0x00000000d5580000,0x00000000d5580000,0x00000000d6680000)
  from space 2048K, 98% used [0x00000000d6b00000,0x00000000d6cf9000,0x00000000d6d00000)
  to   space 4608K, 0% used [0x00000000d6680000,0x00000000d6680000,0x00000000d6b00000)
 ParOldGen       total 68608K, used 33256K [0x0000000080000000, 0x0000000084300000, 0x00000000d5580000)
  object space 68608K, 48% used [0x0000000080000000,0x000000008207a3f0,0x0000000084300000)
 Metaspace       used 47540K, committed 48832K, reserved 1114112K
  class space    used 5164K, committed 5696K, reserved 1048576K
}
Event: 16.487 GC heap before
{Heap before GC invocations=27 (full 2):
 PSYoungGen      total 19456K, used 19428K [0x00000000d5580000, 0x00000000d7100000, 0x0000000100000000)
  eden space 17408K, 100% used [0x00000000d5580000,0x00000000d6680000,0x00000000d6680000)
  from space 2048K, 98% used [0x00000000d6b00000,0x00000000d6cf9000,0x00000000d6d00000)
  to   space 4608K, 0% used [0x00000000d6680000,0x00000000d6680000,0x00000000d6b00000)
 ParOldGen       total 68608K, used 33256K [0x0000000080000000, 0x0000000084300000, 0x00000000d5580000)
  object space 68608K, 48% used [0x0000000080000000,0x000000008207a3f0,0x0000000084300000)
 Metaspace       used 47559K, committed 48832K, reserved 1114112K
  class space    used 5164K, committed 5696K, reserved 1048576K
}
Event: 16.494 GC heap after
{Heap after GC invocations=27 (full 2):
 PSYoungGen      total 19968K, used 2080K [0x00000000d5580000, 0x00000000d6c80000, 0x0000000100000000)
  eden space 17408K, 0% used [0x00000000d5580000,0x00000000d5580000,0x00000000d6680000)
  from space 2560K, 81% used [0x00000000d6680000,0x00000000d6888010,0x00000000d6900000)
  to   space 3072K, 0% used [0x00000000d6980000,0x00000000d6980000,0x00000000d6c80000)
 ParOldGen       total 68608K, used 35222K [0x0000000080000000, 0x0000000084300000, 0x00000000d5580000)
  object space 68608K, 51% used [0x0000000080000000,0x0000000082265a18,0x0000000084300000)
 Metaspace       used 47559K, committed 48832K, reserved 1114112K
  class space    used 5164K, committed 5696K, reserved 1048576K
}
Event: 16.567 GC heap before
{Heap before GC invocations=28 (full 2):
 PSYoungGen      total 19968K, used 19488K [0x00000000d5580000, 0x00000000d6c80000, 0x0000000100000000)
  eden space 17408K, 100% used [0x00000000d5580000,0x00000000d6680000,0x00000000d6680000)
  from space 2560K, 81% used [0x00000000d6680000,0x00000000d6888010,0x00000000d6900000)
  to   space 3072K, 0% used [0x00000000d6980000,0x00000000d6980000,0x00000000d6c80000)
 ParOldGen       total 68608K, used 35222K [0x0000000080000000, 0x0000000084300000, 0x00000000d5580000)
  object space 68608K, 51% used [0x0000000080000000,0x0000000082265a18,0x0000000084300000)
 Metaspace       used 47583K, committed 48832K, reserved 1114112K
  class space    used 5164K, committed 5696K, reserved 1048576K
}
Event: 16.572 GC heap after
{Heap after GC invocations=28 (full 2):
 PSYoungGen      total 19456K, used 1784K [0x00000000d5580000, 0x00000000d6b80000, 0x0000000100000000)
  eden space 17408K, 0% used [0x00000000d5580000,0x00000000d5580000,0x00000000d6680000)
  from space 2048K, 87% used [0x00000000d6980000,0x00000000d6b3e200,0x00000000d6b80000)
  to   space 2048K, 0% used [0x00000000d6780000,0x00000000d6780000,0x00000000d6980000)
 ParOldGen       total 68608K, used 37150K [0x0000000080000000, 0x0000000084300000, 0x00000000d5580000)
  object space 68608K, 54% used [0x0000000080000000,0x0000000082447a28,0x0000000084300000)
 Metaspace       used 47583K, committed 48832K, reserved 1114112K
  class space    used 5164K, committed 5696K, reserved 1048576K
}
Event: 17.172 GC heap before
{Heap before GC invocations=29 (full 2):
 PSYoungGen      total 19456K, used 19192K [0x00000000d5580000, 0x00000000d6b80000, 0x0000000100000000)
  eden space 17408K, 100% used [0x00000000d5580000,0x00000000d6680000,0x00000000d6680000)
  from space 2048K, 87% used [0x00000000d6980000,0x00000000d6b3e200,0x00000000d6b80000)
  to   space 2048K, 0% used [0x00000000d6780000,0x00000000d6780000,0x00000000d6980000)
 ParOldGen       total 68608K, used 37150K [0x0000000080000000, 0x0000000084300000, 0x00000000d5580000)
  object space 68608K, 54% used [0x0000000080000000,0x0000000082447a28,0x0000000084300000)
 Metaspace       used 48622K, committed 49792K, reserved 1114112K
  class space    used 5246K, committed 5760K, reserved 1048576K
}
Event: 17.184 GC heap after
{Heap after GC invocations=29 (full 2):
 PSYoungGen      total 19456K, used 2024K [0x00000000d5580000, 0x00000000d6b80000, 0x0000000100000000)
  eden space 17408K, 0% used [0x00000000d5580000,0x00000000d5580000,0x00000000d6680000)
  from space 2048K, 98% used [0x00000000d6780000,0x00000000d697a000,0x00000000d6980000)
  to   space 2048K, 0% used [0x00000000d6980000,0x00000000d6980000,0x00000000d6b80000)
 ParOldGen       total 68608K, used 40055K [0x0000000080000000, 0x0000000084300000, 0x00000000d5580000)
  object space 68608K, 58% used [0x0000000080000000,0x000000008271dc28,0x0000000084300000)
 Metaspace       used 48622K, committed 49792K, reserved 1114112K
  class space    used 5246K, committed 5760K, reserved 1048576K
}

